<?xml version="1.0" encoding="UTF-8"?>
<!-- Generated by org.testng.reporters.JUnitReportReporter -->
<testsuite hostname="DESKTOP-ER6HK99" failures="0" tests="1" name="testrunner_1.C_Testrunner_1" time="9.144" errors="0" timestamp="2024-02-14T02:01:05 EST" skipped="0">
  <testcase classname="testrunner_1.C_Testrunner_1" name="feature" time="9.144"/>
  <system-out/>
</testsuite> <!-- testrunner_1.C_Testrunner_1 -->
